app_start/build/outputs/logs/manifest-merger-debug-report.txt
-- Merging decision tree log ---
manifest
ADDED from src\main\AndroidManifest.xml:2:1-56:12
	package
		ADDED from src\main\AndroidManifest.xml:3:5-30
		INJECTED from src\main\AndroidManifest.xml
		INJECTED from src\main\AndroidManifest.xml
	android:versionName
		INJECTED from src\main\AndroidManifest.xml
		INJECTED from src\main\AndroidManifest.xml
	xmlns:android
		ADDED from src\main\AndroidManifest.xml:2:11-69
	android:versionCode
		INJECTED from src\main\AndroidManifest.xml
		INJECTED from src\main\AndroidManifest.xml
uses-permission#android.permission.VIBRATE
ADDED from src\main\AndroidManifest.xml:5:5-66
MERGED from [:DroidPlugin-release:] AndroidManifest.xml:95:5-66
	android:name
		ADDED from src\main\AndroidManifest.xml:5:22-63
uses-permission#android.permission.CAMERA
ADDED from src\main\AndroidManifest.xml:6:5-65
MERGED from [:DroidPlugin-release:] AndroidManifest.xml:45:5-65
	android:name
		ADDED from src\main\AndroidManifest.xml:6:22-62
uses-permission#android.permission.INTERNET
ADDED from src\main\AndroidManifest.xml:7:5-67
MERGED from [:DroidPlugin-release:] AndroidManifest.xml:58:5-67
	android:name
		ADDED from src\main\AndroidManifest.xml:7:22-64
uses-permission#android.permission.READ_EXTERNAL_STORAGE
ADDED from src\main\AndroidManifest.xml:8:5-80
MERGED from [:DroidPlugin-release:] AndroidManifest.xml:69:5-80
	android:name
		ADDED from src\main\AndroidManifest.xml:8:22-77
uses-permission#android.permission.ACCESS_NETWORK_STATE
ADDED from src\main\AndroidManifest.xml:9:5-79
MERGED from [:DroidPlugin-release:] AndroidManifest.xml:36:5-79
	android:name
		ADDED from src\main\AndroidManifest.xml:9:22-76
uses-permission#android.permission.WRITE_EXTERNAL_STORAGE
ADDED from src\main\AndroidManifest.xml:10:5-81
MERGED from [:DroidPlugin-release:] AndroidManifest.xml:100:5-81
	android:name
		ADDED from src\main\AndroidManifest.xml:10:22-78
uses-permission#android.permission.ACCESS_WIFI_STATE
ADDED from src\main\AndroidManifest.xml:11:5-76
MERGED from [:DroidPlugin-release:] AndroidManifest.xml:37:5-76
	android:name
		ADDED from src\main\AndroidManifest.xml:11:22-73
uses-permission#android.permission.READ_PHONE_STATE
ADDED from src\main\AndroidManifest.xml:12:5-75
MERGED from [:DroidPlugin-release:] AndroidManifest.xml:71:5-75
	android:name
		ADDED from src\main\AndroidManifest.xml:12:22-72
uses-permission#android.permission.READ_LOGS
ADDED from src\main\AndroidManifest.xml:13:5-68
MERGED from [:DroidPlugin-release:] AndroidManifest.xml:162:5-68
	android:name
		ADDED from src\main\AndroidManifest.xml:13:22-65
uses-permission#android.permission.RECORD_AUDIO
ADDED from src\main\AndroidManifest.xml:14:5-71
MERGED from [:DroidPlugin-release:] AndroidManifest.xml:82:5-71
	android:name
		ADDED from src\main\AndroidManifest.xml:14:22-68
uses-permission#android.permission.GET_TASKS
ADDED from src\main\AndroidManifest.xml:15:5-68
MERGED from [:DroidPlugin-release:] AndroidManifest.xml:57:5-68
	android:name
		ADDED from src\main\AndroidManifest.xml:15:22-65
uses-permission#android.permission.WAKE_LOCK
ADDED from src\main\AndroidManifest.xml:16:5-68
MERGED from [:DroidPlugin-release:] AndroidManifest.xml:96:5-68
	android:name
		ADDED from src\main\AndroidManifest.xml:16:22-65
uses-permission#android.permission.READ_CONTACTS
ADDED from src\main\AndroidManifest.xml:17:5-72
MERGED from [:DroidPlugin-release:] AndroidManifest.xml:68:5-72
	android:name
		ADDED from src\main\AndroidManifest.xml:17:22-69
uses-permission#android.permission.CALL_PHONE
ADDED from src\main\AndroidManifest.xml:18:5-69
MERGED from [:DroidPlugin-release:] AndroidManifest.xml:44:5-69
	android:name
		ADDED from src\main\AndroidManifest.xml:18:22-66
uses-permission#android.permission.MOUNT_UNMOUNT_FILESYSTEMS
ADDED from src\main\AndroidManifest.xml:19:5-84
MERGED from [:DroidPlugin-release:] AndroidManifest.xml:161:5-84
	android:name
		ADDED from src\main\AndroidManifest.xml:19:22-81
uses-permission#android.permission.ACCESS_COARSE_LOCATION
ADDED from src\main\AndroidManifest.xml:20:5-80
MERGED from [:DroidPlugin-release:] AndroidManifest.xml:33:5-81
	android:name
		ADDED from src\main\AndroidManifest.xml:20:22-78
uses-permission#android.permission.ACCESS_FINE_LOCATION
ADDED from src\main\AndroidManifest.xml:21:5-80
MERGED from [:DroidPlugin-release:] AndroidManifest.xml:34:5-79
	android:name
		ADDED from src\main\AndroidManifest.xml:21:23-77
uses-permission#android.permission.CHANGE_WIFI_STATE
ADDED from src\main\AndroidManifest.xml:22:5-77
MERGED from [:DroidPlugin-release:] AndroidManifest.xml:48:5-76
	android:name
		ADDED from src\main\AndroidManifest.xml:22:23-74
uses-permission#android.permission.RECEIVE_BOOT_COMPLETED
ADDED from src\main\AndroidManifest.xml:23:5-82
MERGED from [:DroidPlugin-release:] AndroidManifest.xml:78:5-81
	android:name
		ADDED from src\main\AndroidManifest.xml:23:23-79
uses-permission#android.permission.GET_ACCOUNTS
ADDED from src\main\AndroidManifest.xml:24:5-72
MERGED from [:DroidPlugin-release:] AndroidManifest.xml:55:5-71
	android:name
		ADDED from src\main\AndroidManifest.xml:24:23-69
uses-permission#android.permission.USE_CREDENTIALS
ADDED from src\main\AndroidManifest.xml:25:5-75
MERGED from [:DroidPlugin-release:] AndroidManifest.xml:93:5-74
	android:name
		ADDED from src\main\AndroidManifest.xml:25:22-71
uses-permission#android.permission.MANAGE_ACCOUNTS
ADDED from src\main\AndroidManifest.xml:26:5-75
MERGED from [:DroidPlugin-release:] AndroidManifest.xml:60:5-74
	android:name
		ADDED from src\main\AndroidManifest.xml:26:23-72
uses-permission#android.permission.AUTHENTICATE_ACCOUNTS
ADDED from src\main\AndroidManifest.xml:27:5-81
MERGED from [:DroidPlugin-release:] AndroidManifest.xml:39:5-80
	android:name
		ADDED from src\main\AndroidManifest.xml:27:23-78
uses-permission#com.android.launcher.permission.READ_SETTINGS
ADDED from src\main\AndroidManifest.xml:28:5-86
MERGED from [:DroidPlugin-release:] AndroidManifest.xml:168:5-85
	android:name
		ADDED from src\main\AndroidManifest.xml:28:22-82
uses-permission#android.permission.BROADCAST_STICKY
ADDED from src\main\AndroidManifest.xml:29:5-76
MERGED from [:DroidPlugin-release:] AndroidManifest.xml:43:5-75
	android:name
		ADDED from src\main\AndroidManifest.xml:29:23-73
uses-permission#android.permission.WRITE_SETTINGS
ADDED from src\main\AndroidManifest.xml:30:5-74
MERGED from [:DroidPlugin-release:] AndroidManifest.xml:102:5-73
	android:name
		ADDED from src\main\AndroidManifest.xml:30:23-71
uses-permission#android.permission.WIRTE_EXTERNAL_STORAGE
ADDED from src\main\AndroidManifest.xml:31:5-82
	android:name
		ADDED from src\main\AndroidManifest.xml:31:23-79
uses-permission#android.permission.SYSTEM_ALERT_WINDOW
ADDED from src\main\AndroidManifest.xml:32:5-79
MERGED from [:DroidPlugin-release:] AndroidManifest.xml:91:5-78
	android:name
		ADDED from src\main\AndroidManifest.xml:32:23-76
uses-feature#android.hardware.camera
ADDED from src\main\AndroidManifest.xml:34:5-60
MERGED from [:DroidPlugin-release:] AndroidManifest.xml:175:5-60
	android:name
		ADDED from src\main\AndroidManifest.xml:34:19-57
uses-feature#android.hardware.camera.autofocus
ADDED from src\main\AndroidManifest.xml:35:5-70
MERGED from [:DroidPlugin-release:] AndroidManifest.xml:176:5-178:36
	android:name
		ADDED from src\main\AndroidManifest.xml:35:19-67
application
ADDED from src\main\AndroidManifest.xml:37:5-54:19
MERGED from [:androidLib-release:] AndroidManifest.xml:11:5-14:19
MERGED from [:DroidPlugin-release:] AndroidManifest.xml:180:5-5038:19
	android:label
		ADDED from src\main\AndroidManifest.xml:41:9-41
	android:allowBackup
		ADDED from src\main\AndroidManifest.xml:39:9-35
	android:icon
		ADDED from src\main\AndroidManifest.xml:40:9-43
	android:theme
		ADDED from src\main\AndroidManifest.xml:42:9-40
	android:name
		ADDED from src\main\AndroidManifest.xml:38:9-40
activity#com.linkage.app.main.SplashActivity
ADDED from src\main\AndroidManifest.xml:43:9-52:20
	android:label
		ADDED from src\main\AndroidManifest.xml:46:13-45
	android:theme
		ADDED from src\main\AndroidManifest.xml:45:13-44
	android:name
		ADDED from src\main\AndroidManifest.xml:44:13-48
intent-filter#android.intent.action.MAIN+android.intent.category.LAUNCHER
ADDED from src\main\AndroidManifest.xml:47:13-51:29
action#android.intent.action.MAIN
ADDED from src\main\AndroidManifest.xml:48:17-69
	android:name
		ADDED from src\main\AndroidManifest.xml:48:25-66
category#android.intent.category.LAUNCHER
ADDED from src\main\AndroidManifest.xml:50:17-77
	android:name
		ADDED from src\main\AndroidManifest.xml:50:27-74
activity#com.linkage.app.main.LoginActivity
ADDED from src\main\AndroidManifest.xml:53:9-87
	android:theme
		ADDED from src\main\AndroidManifest.xml:53:54-85
	android:name
		ADDED from src\main\AndroidManifest.xml:53:19-53
uses-sdk
INJECTED from src\main\AndroidManifest.xml reason: use-sdk injection requested
MERGED from [:androidLib-release:] AndroidManifest.xml:7:5-9:41
MERGED from [:DroidPlugin-release:] AndroidManifest.xml:30:5-43
	android:targetSdkVersion
		INJECTED from src\main\AndroidManifest.xml
		INJECTED from src\main\AndroidManifest.xml
	android:minSdkVersion
		INJECTED from src\main\AndroidManifest.xml
		INJECTED from src\main\AndroidManifest.xml
uses-permission#android.permission.ACCESS_LOCATION_EXTRA_COMMANDS
ADDED from [:DroidPlugin-release:] AndroidManifest.xml:35:5-89
	android:name
		ADDED from [:DroidPlugin-release:] AndroidManifest.xml:35:22-86
uses-permission#android.permission.ACCESS_WIMAX_STATE
ADDED from [:DroidPlugin-release:] AndroidManifest.xml:38:5-77
	android:name
		ADDED from [:DroidPlugin-release:] AndroidManifest.xml:38:22-74
uses-permission#android.permission.BLUETOOTH
ADDED from [:DroidPlugin-release:] AndroidManifest.xml:40:5-68
	android:name
		ADDED from [:DroidPlugin-release:] AndroidManifest.xml:40:22-65
uses-permission#android.permission.BLUETOOTH_ADMIN
ADDED from [:DroidPlugin-release:] AndroidManifest.xml:41:5-74
	android:name
		ADDED from [:DroidPlugin-release:] AndroidManifest.xml:41:22-71
uses-permission#android.permission.BODY_SENSORS
ADDED from [:DroidPlugin-release:] AndroidManifest.xml:42:5-71
	android:name
		ADDED from [:DroidPlugin-release:] AndroidManifest.xml:42:22-68
uses-permission#android.permission.CHANGE_NETWORK_STATE
ADDED from [:DroidPlugin-release:] AndroidManifest.xml:46:5-79
	android:name
		ADDED from [:DroidPlugin-release:] AndroidManifest.xml:46:22-76
uses-permission#android.permission.CHANGE_WIFI_MULTICAST_STATE
ADDED from [:DroidPlugin-release:] AndroidManifest.xml:47:5-86
	android:name
		ADDED from [:DroidPlugin-release:] AndroidManifest.xml:47:22-83
uses-permission#android.permission.CHANGE_WIMAX_STATE
ADDED from [:DroidPlugin-release:] AndroidManifest.xml:49:5-77
	android:name
		ADDED from [:DroidPlugin-release:] AndroidManifest.xml:49:22-74
uses-permission#android.permission.CLEAR_APP_CACHE
ADDED from [:DroidPlugin-release:] AndroidManifest.xml:50:5-74
	android:name
		ADDED from [:DroidPlugin-release:] AndroidManifest.xml:50:22-71
uses-permission#android.permission.DISABLE_KEYGUARD
ADDED from [:DroidPlugin-release:] AndroidManifest.xml:51:5-75
	android:name
		ADDED from [:DroidPlugin-release:] AndroidManifest.xml:51:22-72
uses-permission#android.permission.DOWNLOAD_WITHOUT_NOTIFICATION
ADDED from [:DroidPlugin-release:] AndroidManifest.xml:52:5-88
	android:name
		ADDED from [:DroidPlugin-release:] AndroidManifest.xml:52:22-85
uses-permission#android.permission.EXPAND_STATUS_BAR
ADDED from [:DroidPlugin-release:] AndroidManifest.xml:53:5-76
	android:name
		ADDED from [:DroidPlugin-release:] AndroidManifest.xml:53:22-73
uses-permission#android.permission.FLASHLIGHT
ADDED from [:DroidPlugin-release:] AndroidManifest.xml:54:5-69
	android:name
		ADDED from [:DroidPlugin-release:] AndroidManifest.xml:54:22-66
uses-permission#android.permission.GET_PACKAGE_SIZE
ADDED from [:DroidPlugin-release:] AndroidManifest.xml:56:5-75
	android:name
		ADDED from [:DroidPlugin-release:] AndroidManifest.xml:56:22-72
uses-permission#android.permission.KILL_BACKGROUND_PROCESSES
ADDED from [:DroidPlugin-release:] AndroidManifest.xml:59:5-84
	android:name
		ADDED from [:DroidPlugin-release:] AndroidManifest.xml:59:22-81
uses-permission#android.permission.MODIFY_AUDIO_SETTINGS
ADDED from [:DroidPlugin-release:] AndroidManifest.xml:61:5-80
	android:name
		ADDED from [:DroidPlugin-release:] AndroidManifest.xml:61:22-77
uses-permission#android.permission.NFC
ADDED from [:DroidPlugin-release:] AndroidManifest.xml:62:5-62
	android:name
		ADDED from [:DroidPlugin-release:] AndroidManifest.xml:62:22-59
uses-permission#android.permission.PERSISTENT_ACTIVITY
ADDED from [:DroidPlugin-release:] AndroidManifest.xml:63:5-78
	android:name
		ADDED from [:DroidPlugin-release:] AndroidManifest.xml:63:22-75
uses-permission#android.permission.PROCESS_OUTGOING_CALLS
ADDED from [:DroidPlugin-release:] AndroidManifest.xml:64:5-81
	android:name
		ADDED from [:DroidPlugin-release:] AndroidManifest.xml:64:22-78
uses-permission#android.permission.READ_CALENDAR
ADDED from [:DroidPlugin-release:] AndroidManifest.xml:65:5-72
	android:name
		ADDED from [:DroidPlugin-release:] AndroidManifest.xml:65:22-69
uses-permission#android.permission.READ_CALL_LOG
ADDED from [:DroidPlugin-release:] AndroidManifest.xml:66:5-72
	android:name
		ADDED from [:DroidPlugin-release:] AndroidManifest.xml:66:22-69
uses-permission#android.permission.READ_CELL_BROADCASTS
ADDED from [:DroidPlugin-release:] AndroidManifest.xml:67:5-79
	android:name
		ADDED from [:DroidPlugin-release:] AndroidManifest.xml:67:22-76
uses-permission#android.permission.READ_INSTALL_SESSIONS
ADDED from [:DroidPlugin-release:] AndroidManifest.xml:70:5-80
	android:name
		ADDED from [:DroidPlugin-release:] AndroidManifest.xml:70:22-77
uses-permission#android.permission.READ_PROFILE
ADDED from [:DroidPlugin-release:] AndroidManifest.xml:72:5-71
	android:name
		ADDED from [:DroidPlugin-release:] AndroidManifest.xml:72:22-68
uses-permission#android.permission.READ_SMS
ADDED from [:DroidPlugin-release:] AndroidManifest.xml:73:5-67
	android:name
		ADDED from [:DroidPlugin-release:] AndroidManifest.xml:73:22-64
uses-permission#android.permission.READ_SOCIAL_STREAM
ADDED from [:DroidPlugin-release:] AndroidManifest.xml:74:5-77
	android:name
		ADDED from [:DroidPlugin-release:] AndroidManifest.xml:74:22-74
uses-permission#android.permission.READ_SYNC_SETTINGS
ADDED from [:DroidPlugin-release:] AndroidManifest.xml:75:5-77
	android:name
		ADDED from [:DroidPlugin-release:] AndroidManifest.xml:75:22-74
uses-permission#android.permission.READ_SYNC_STATS
ADDED from [:DroidPlugin-release:] AndroidManifest.xml:76:5-74
	android:name
		ADDED from [:DroidPlugin-release:] AndroidManifest.xml:76:22-71
uses-permission#android.permission.READ_USER_DICTIONARY
ADDED from [:DroidPlugin-release:] AndroidManifest.xml:77:5-79
	android:name
		ADDED from [:DroidPlugin-release:] AndroidManifest.xml:77:22-76
uses-permission#android.permission.RECEIVE_MMS
ADDED from [:DroidPlugin-release:] AndroidManifest.xml:79:5-70
	android:name
		ADDED from [:DroidPlugin-release:] AndroidManifest.xml:79:22-67
uses-permission#android.permission.RECEIVE_SMS
ADDED from [:DroidPlugin-release:] AndroidManifest.xml:80:5-70
	android:name
		ADDED from [:DroidPlugin-release:] AndroidManifest.xml:80:22-67
uses-permission#android.permission.RECEIVE_WAP_PUSH
ADDED from [:DroidPlugin-release:] AndroidManifest.xml:81:5-75
	android:name
		ADDED from [:DroidPlugin-release:] AndroidManifest.xml:81:22-72
uses-permission#android.permission.REORDER_TASKS
ADDED from [:DroidPlugin-release:] AndroidManifest.xml:83:5-72
	android:name
		ADDED from [:DroidPlugin-release:] AndroidManifest.xml:83:22-69
uses-permission#android.permission.RESTART_PACKAGES
ADDED from [:DroidPlugin-release:] AndroidManifest.xml:84:5-75
	android:name
		ADDED from [:DroidPlugin-release:] AndroidManifest.xml:84:22-72
uses-permission#android.permission.SEND_SMS
ADDED from [:DroidPlugin-release:] AndroidManifest.xml:85:5-67
	android:name
		ADDED from [:DroidPlugin-release:] AndroidManifest.xml:85:22-64
uses-permission#android.permission.SET_TIME_ZONE
ADDED from [:DroidPlugin-release:] AndroidManifest.xml:86:5-72
	android:name
		ADDED from [:DroidPlugin-release:] AndroidManifest.xml:86:22-69
uses-permission#android.permission.SET_WALLPAPER
ADDED from [:DroidPlugin-release:] AndroidManifest.xml:87:5-72
	android:name
		ADDED from [:DroidPlugin-release:] AndroidManifest.xml:87:22-69
uses-permission#android.permission.SET_WALLPAPER_HINTS
ADDED from [:DroidPlugin-release:] AndroidManifest.xml:88:5-78
	android:name
		ADDED from [:DroidPlugin-release:] AndroidManifest.xml:88:22-75
uses-permission#android.permission.SUBSCRIBED_FEEDS_READ
ADDED from [:DroidPlugin-release:] AndroidManifest.xml:89:5-80
	android:name
		ADDED from [:DroidPlugin-release:] AndroidManifest.xml:89:22-77
uses-permission#android.permission.SUBSCRIBED_FEEDS_WRITE
ADDED from [:DroidPlugin-release:] AndroidManifest.xml:90:5-81
	android:name
		ADDED from [:DroidPlugin-release:] AndroidManifest.xml:90:22-78
uses-permission#android.permission.TRANSMIT_IR
ADDED from [:DroidPlugin-release:] AndroidManifest.xml:92:5-70
	android:name
		ADDED from [:DroidPlugin-release:] AndroidManifest.xml:92:22-67
uses-permission#android.permission.USE_SIP
ADDED from [:DroidPlugin-release:] AndroidManifest.xml:94:5-66
	android:name
		ADDED from [:DroidPlugin-release:] AndroidManifest.xml:94:22-63
uses-permission#android.permission.WRITE_CALENDAR
ADDED from [:DroidPlugin-release:] AndroidManifest.xml:97:5-73
	android:name
		ADDED from [:DroidPlugin-release:] AndroidManifest.xml:97:22-70
uses-permission#android.permission.WRITE_CALL_LOG
ADDED from [:DroidPlugin-release:] AndroidManifest.xml:98:5-73
	android:name
		ADDED from [:DroidPlugin-release:] AndroidManifest.xml:98:22-70
uses-permission#android.permission.WRITE_CONTACTS
ADDED from [:DroidPlugin-release:] AndroidManifest.xml:99:5-73
	android:name
		ADDED from [:DroidPlugin-release:] AndroidManifest.xml:99:22-70
uses-permission#android.permission.WRITE_PROFILE
ADDED from [:DroidPlugin-release:] AndroidManifest.xml:101:5-72
	android:name
		ADDED from [:DroidPlugin-release:] AndroidManifest.xml:101:22-69
uses-permission#android.permission.WRITE_SMS
ADDED from [:DroidPlugin-release:] AndroidManifest.xml:103:5-68
	android:name
		ADDED from [:DroidPlugin-release:] AndroidManifest.xml:103:22-65
uses-permission#android.permission.WRITE_SOCIAL_STREAM
ADDED from [:DroidPlugin-release:] AndroidManifest.xml:104:5-78
	android:name
		ADDED from [:DroidPlugin-release:] AndroidManifest.xml:104:22-75
uses-permission#android.permission.WRITE_SYNC_SETTINGS
ADDED from [:DroidPlugin-release:] AndroidManifest.xml:105:5-78
	android:name
		ADDED from [:DroidPlugin-release:] AndroidManifest.xml:105:22-75
uses-permission#android.permission.WRITE_USER_DICTIONARY
ADDED from [:DroidPlugin-release:] AndroidManifest.xml:106:5-80
	android:name
		ADDED from [:DroidPlugin-release:] AndroidManifest.xml:106:22-77
uses-permission#com.android.alarm.permission.SET_ALARM
ADDED from [:DroidPlugin-release:] AndroidManifest.xml:107:5-78
	android:name
		ADDED from [:DroidPlugin-release:] AndroidManifest.xml:107:22-75
uses-permission#com.android.browser.permission.READ_HISTORY_BOOKMARKS
ADDED from [:DroidPlugin-release:] AndroidManifest.xml:108:5-93
	android:name
		ADDED from [:DroidPlugin-release:] AndroidManifest.xml:108:22-90
uses-permission#com.android.browser.permission.WRITE_HISTORY_BOOKMARKS
ADDED from [:DroidPlugin-release:] AndroidManifest.xml:109:5-94
	android:name
		ADDED from [:DroidPlugin-release:] AndroidManifest.xml:109:22-91
uses-permission#com.android.launcher.permission.INSTALL_SHORTCUT
ADDED from [:DroidPlugin-release:] AndroidManifest.xml:110:5-88
	android:name
		ADDED from [:DroidPlugin-release:] AndroidManifest.xml:110:22-85
uses-permission#com.android.launcher.permission.UNINSTALL_SHORTCUT
ADDED from [:DroidPlugin-release:] AndroidManifest.xml:111:5-90
	android:name
		ADDED from [:DroidPlugin-release:] AndroidManifest.xml:111:22-87
uses-permission#com.android.vending.BILLING
ADDED from [:DroidPlugin-release:] AndroidManifest.xml:112:5-67
	android:name
		ADDED from [:DroidPlugin-release:] AndroidManifest.xml:112:22-64
uses-permission#com.android.vending.CHECK_LICENSE
ADDED from [:DroidPlugin-release:] AndroidManifest.xml:113:5-73
	android:name
		ADDED from [:DroidPlugin-release:] AndroidManifest.xml:113:22-70
uses-permission#com.android.voicemail.permission.ADD_VOICEMAIL
ADDED from [:DroidPlugin-release:] AndroidManifest.xml:114:5-86
	android:name
		ADDED from [:DroidPlugin-release:] AndroidManifest.xml:114:22-83
uses-permission#com.google.android.c2dm.permission.RECEIVE
ADDED from [:DroidPlugin-release:] AndroidManifest.xml:115:5-82
	android:name
		ADDED from [:DroidPlugin-release:] AndroidManifest.xml:115:22-79
uses-permission#com.google.android.gms.permission.ACTIVITY_RECOGNITION
ADDED from [:DroidPlugin-release:] AndroidManifest.xml:116:5-94
	android:name
		ADDED from [:DroidPlugin-release:] AndroidManifest.xml:116:22-91
uses-permission#com.google.android.gms.permission.AD_ID_NOTIFICATION
ADDED from [:DroidPlugin-release:] AndroidManifest.xml:117:5-92
	android:name
		ADDED from [:DroidPlugin-release:] AndroidManifest.xml:117:22-89
uses-permission#com.google.android.googleapps.permission.GOOGLE_AUTH
ADDED from [:DroidPlugin-release:] AndroidManifest.xml:118:5-92
	android:name
		ADDED from [:DroidPlugin-release:] AndroidManifest.xml:118:22-89
uses-permission#com.google.android.googleapps.permission.GOOGLE_AUTH.OTHER_SERVICES
ADDED from [:DroidPlugin-release:] AndroidManifest.xml:119:5-107
	android:name
		ADDED from [:DroidPlugin-release:] AndroidManifest.xml:119:22-104
uses-permission#com.google.android.googleapps.permission.GOOGLE_AUTH.YouTubeUser
ADDED from [:DroidPlugin-release:] AndroidManifest.xml:120:5-104
	android:name
		ADDED from [:DroidPlugin-release:] AndroidManifest.xml:120:22-101
uses-permission#com.google.android.googleapps.permission.GOOGLE_AUTH.adsense
ADDED from [:DroidPlugin-release:] AndroidManifest.xml:121:5-100
	android:name
		ADDED from [:DroidPlugin-release:] AndroidManifest.xml:121:22-97
uses-permission#com.google.android.googleapps.permission.GOOGLE_AUTH.adwords
ADDED from [:DroidPlugin-release:] AndroidManifest.xml:122:5-100
	android:name
		ADDED from [:DroidPlugin-release:] AndroidManifest.xml:122:22-97
uses-permission#com.google.android.googleapps.permission.GOOGLE_AUTH.ah
ADDED from [:DroidPlugin-release:] AndroidManifest.xml:123:5-95
	android:name
		ADDED from [:DroidPlugin-release:] AndroidManifest.xml:123:22-92
uses-permission#com.google.android.googleapps.permission.GOOGLE_AUTH.android
ADDED from [:DroidPlugin-release:] AndroidManifest.xml:124:5-100
	android:name
		ADDED from [:DroidPlugin-release:] AndroidManifest.xml:124:22-97
uses-permission#com.google.android.googleapps.permission.GOOGLE_AUTH.androidsecure
ADDED from [:DroidPlugin-release:] AndroidManifest.xml:125:5-106
	android:name
		ADDED from [:DroidPlugin-release:] AndroidManifest.xml:125:22-103
uses-permission#com.google.android.googleapps.permission.GOOGLE_AUTH.blogger
ADDED from [:DroidPlugin-release:] AndroidManifest.xml:126:5-100
	android:name
		ADDED from [:DroidPlugin-release:] AndroidManifest.xml:126:22-97
uses-permission#com.google.android.googleapps.permission.GOOGLE_AUTH.cl
ADDED from [:DroidPlugin-release:] AndroidManifest.xml:127:5-95
	android:name
		ADDED from [:DroidPlugin-release:] AndroidManifest.xml:127:22-92
uses-permission#com.google.android.googleapps.permission.GOOGLE_AUTH.cp
ADDED from [:DroidPlugin-release:] AndroidManifest.xml:128:5-95
	android:name
		ADDED from [:DroidPlugin-release:] AndroidManifest.xml:128:22-92
uses-permission#com.google.android.googleapps.permission.GOOGLE_AUTH.dodgeball
ADDED from [:DroidPlugin-release:] AndroidManifest.xml:129:5-102
	android:name
		ADDED from [:DroidPlugin-release:] AndroidManifest.xml:129:22-99
uses-permission#com.google.android.googleapps.permission.GOOGLE_AUTH.finance
ADDED from [:DroidPlugin-release:] AndroidManifest.xml:130:5-100
	android:name
		ADDED from [:DroidPlugin-release:] AndroidManifest.xml:130:22-97
uses-permission#com.google.android.googleapps.permission.GOOGLE_AUTH.gbase
ADDED from [:DroidPlugin-release:] AndroidManifest.xml:131:5-98
	android:name
		ADDED from [:DroidPlugin-release:] AndroidManifest.xml:131:22-95
uses-permission#com.google.android.googleapps.permission.GOOGLE_AUTH.grandcentral
ADDED from [:DroidPlugin-release:] AndroidManifest.xml:132:5-105
	android:name
		ADDED from [:DroidPlugin-release:] AndroidManifest.xml:132:22-102
uses-permission#com.google.android.googleapps.permission.GOOGLE_AUTH.groups2
ADDED from [:DroidPlugin-release:] AndroidManifest.xml:133:5-100
	android:name
		ADDED from [:DroidPlugin-release:] AndroidManifest.xml:133:22-97
uses-permission#com.google.android.googleapps.permission.GOOGLE_AUTH.health
ADDED from [:DroidPlugin-release:] AndroidManifest.xml:134:5-99
	android:name
		ADDED from [:DroidPlugin-release:] AndroidManifest.xml:134:22-96
uses-permission#com.google.android.googleapps.permission.GOOGLE_AUTH.ig
ADDED from [:DroidPlugin-release:] AndroidManifest.xml:135:5-95
	android:name
		ADDED from [:DroidPlugin-release:] AndroidManifest.xml:135:22-92
uses-permission#com.google.android.googleapps.permission.GOOGLE_AUTH.jotspot
ADDED from [:DroidPlugin-release:] AndroidManifest.xml:136:5-100
	android:name
		ADDED from [:DroidPlugin-release:] AndroidManifest.xml:136:22-97
uses-permission#com.google.android.googleapps.permission.GOOGLE_AUTH.knol
ADDED from [:DroidPlugin-release:] AndroidManifest.xml:137:5-97
	android:name
		ADDED from [:DroidPlugin-release:] AndroidManifest.xml:137:22-94
uses-permission#com.google.android.googleapps.permission.GOOGLE_AUTH.lh2
ADDED from [:DroidPlugin-release:] AndroidManifest.xml:138:5-96
	android:name
		ADDED from [:DroidPlugin-release:] AndroidManifest.xml:138:22-93
uses-permission#com.google.android.googleapps.permission.GOOGLE_AUTH.local
ADDED from [:DroidPlugin-release:] AndroidManifest.xml:139:5-98
	android:name
		ADDED from [:DroidPlugin-release:] AndroidManifest.xml:139:22-95
uses-permission#com.google.android.googleapps.permission.GOOGLE_AUTH.mail
ADDED from [:DroidPlugin-release:] AndroidManifest.xml:140:5-97
	android:name
		ADDED from [:DroidPlugin-release:] AndroidManifest.xml:140:22-94
uses-permission#com.google.android.googleapps.permission.GOOGLE_AUTH.mobile
ADDED from [:DroidPlugin-release:] AndroidManifest.xml:141:5-99
	android:name
		ADDED from [:DroidPlugin-release:] AndroidManifest.xml:141:22-96
uses-permission#com.google.android.googleapps.permission.GOOGLE_AUTH.news
ADDED from [:DroidPlugin-release:] AndroidManifest.xml:142:5-97
	android:name
		ADDED from [:DroidPlugin-release:] AndroidManifest.xml:142:22-94
uses-permission#com.google.android.googleapps.permission.GOOGLE_AUTH.notebook
ADDED from [:DroidPlugin-release:] AndroidManifest.xml:143:5-101
	android:name
		ADDED from [:DroidPlugin-release:] AndroidManifest.xml:143:22-98
uses-permission#com.google.android.googleapps.permission.GOOGLE_AUTH.orkut
ADDED from [:DroidPlugin-release:] AndroidManifest.xml:144:5-98
	android:name
		ADDED from [:DroidPlugin-release:] AndroidManifest.xml:144:22-95
uses-permission#com.google.android.googleapps.permission.GOOGLE_AUTH.print
ADDED from [:DroidPlugin-release:] AndroidManifest.xml:145:5-98
	android:name
		ADDED from [:DroidPlugin-release:] AndroidManifest.xml:145:22-95
uses-permission#com.google.android.googleapps.permission.GOOGLE_AUTH.sierra
ADDED from [:DroidPlugin-release:] AndroidManifest.xml:146:5-99
	android:name
		ADDED from [:DroidPlugin-release:] AndroidManifest.xml:146:22-96
uses-permission#com.google.android.googleapps.permission.GOOGLE_AUTH.sierraqa
ADDED from [:DroidPlugin-release:] AndroidManifest.xml:147:5-101
	android:name
		ADDED from [:DroidPlugin-release:] AndroidManifest.xml:147:22-98
uses-permission#com.google.android.googleapps.permission.GOOGLE_AUTH.sierrasandbox
ADDED from [:DroidPlugin-release:] AndroidManifest.xml:148:5-106
	android:name
		ADDED from [:DroidPlugin-release:] AndroidManifest.xml:148:22-103
uses-permission#com.google.android.googleapps.permission.GOOGLE_AUTH.sitemaps
ADDED from [:DroidPlugin-release:] AndroidManifest.xml:149:5-101
	android:name
		ADDED from [:DroidPlugin-release:] AndroidManifest.xml:149:22-98
uses-permission#com.google.android.googleapps.permission.GOOGLE_AUTH.speech
ADDED from [:DroidPlugin-release:] AndroidManifest.xml:150:5-99
	android:name
		ADDED from [:DroidPlugin-release:] AndroidManifest.xml:150:22-96
uses-permission#com.google.android.googleapps.permission.GOOGLE_AUTH.speechpersonalization
ADDED from [:DroidPlugin-release:] AndroidManifest.xml:151:5-114
	android:name
		ADDED from [:DroidPlugin-release:] AndroidManifest.xml:151:22-111
uses-permission#com.google.android.googleapps.permission.GOOGLE_AUTH.talk
ADDED from [:DroidPlugin-release:] AndroidManifest.xml:152:5-97
	android:name
		ADDED from [:DroidPlugin-release:] AndroidManifest.xml:152:22-94
uses-permission#com.google.android.googleapps.permission.GOOGLE_AUTH.wifi
ADDED from [:DroidPlugin-release:] AndroidManifest.xml:153:5-97
	android:name
		ADDED from [:DroidPlugin-release:] AndroidManifest.xml:153:22-94
uses-permission#com.google.android.googleapps.permission.GOOGLE_AUTH.wise
ADDED from [:DroidPlugin-release:] AndroidManifest.xml:154:5-97
	android:name
		ADDED from [:DroidPlugin-release:] AndroidManifest.xml:154:22-94
uses-permission#com.google.android.googleapps.permission.GOOGLE_AUTH.writely
ADDED from [:DroidPlugin-release:] AndroidManifest.xml:155:5-100
	android:name
		ADDED from [:DroidPlugin-release:] AndroidManifest.xml:155:22-97
uses-permission#com.google.android.googleapps.permission.GOOGLE_AUTH.youtube
ADDED from [:DroidPlugin-release:] AndroidManifest.xml:156:5-100
	android:name
		ADDED from [:DroidPlugin-release:] AndroidManifest.xml:156:22-97